[OK] 설정 파일 로드: config_cropped_base_scratch.json

=== 훈련 설정 ===
훈련 데이터: custom_data/balanced_train.txt
테스트 데이터: custom_data/balanced_test.txt
모델 경로: None
모델 아키텍처: base
배치 크기: 8
학습률: 0.0003
최대 에포크: 150
저장 디렉토리: ./ckpt
==============================
[GPU] 사용 가능한 GPU: 1개
  GPU 0: NVIDIA GeForce RTX 4090 (24.0GB)
[GPU] 커맨드라인 GPU 설정: [1]
[GPU] 단일 GPU 모드 (GPU 0번만 사용)
✅ 유효한 데이터: 31166개
📊 데이터 분포: 정상 15583개, 비정상 15583개
✅ 유효한 데이터: 7790개
📊 데이터 분포: 정상 3895개, 비정상 3895개
훈련 데이터: 15583개
테스트 데이터: 7790개
[INFO] From Scratch 학습 모드
새로운 모델로 시작합니다.

=== 훈련 시작 ===

==== STDERR ====

전체 진행률:   0%|          | 0/150 [00:00<?, ?it/s]C:\Users\User\Documents\repos\SHIBAL\segment_dataset.py:92: UserWarning: The given NumPy array is not writable, and PyTorch does not support non-writable tensors. This means writing to this tensor will result in undefined behavior. You may want to copy the array to protect its data or make it writable before converting it to a tensor. This type of warning will be suppressed for the rest of this program. (Triggered internally at C:\actions-runner\_work\pytorch\pytorch\pytorch\torch\csrc\utils\tensor_numpy.cpp:209.)
  return torch.from_numpy(arr)
C:\Users\User\Documents\repos\SHIBAL\segment_dataset.py:92: UserWarning: The given NumPy array is not writable, and PyTorch does not support non-writable tensors. This means writing to this tensor will result in undefined behavior. You may want to copy the array to protect its data or make it writable before converting it to a tensor. This type of warning will be suppressed for the rest of this program. (Triggered internally at C:\actions-runner\_work\pytorch\pytorch\pytorch\torch\csrc\utils\tensor_numpy.cpp:209.)
  return torch.from_numpy(arr)
C:\Users\User\Documents\repos\SHIBAL\segment_dataset.py:92: UserWarning: The given NumPy array is not writable, and PyTorch does not support non-writable tensors. This means writing to this tensor will result in undefined behavior. You may want to copy the array to protect its data or make it writable before converting it to a tensor. This type of warning will be suppressed for the rest of this program. (Triggered internally at C:\actions-runner\_work\pytorch\pytorch\pytorch\torch\csrc\utils\tensor_numpy.cpp:209.)
  return torch.from_numpy(arr)
C:\Users\User\Documents\repos\SHIBAL\segment_dataset.py:92: UserWarning: The given NumPy array is not writable, and PyTorch does not support non-writable tensors. This means writing to this tensor will result in undefined behavior. You may want to copy the array to protect its data or make it writable before converting it to a tensor. This type of warning will be suppressed for the rest of this program. (Triggered internally at C:\actions-runner\_work\pytorch\pytorch\pytorch\torch\csrc\utils\tensor_numpy.cpp:209.)
  return torch.from_numpy(arr)
C:\Users\User\Documents\repos\SHIBAL\segment_dataset.py:92: UserWarning: The given NumPy array is not writable, and PyTorch does not support non-writable tensors. This means writing to this tensor will result in undefined behavior. You may want to copy the array to protect its data or make it writable before converting it to a tensor. This type of warning will be suppressed for the rest of this program. (Triggered internally at C:\actions-runner\_work\pytorch\pytorch\pytorch\torch\csrc\utils\tensor_numpy.cpp:209.)
  return torch.from_numpy(arr)
C:\Users\User\Documents\repos\SHIBAL\segment_dataset.py:92: UserWarning: The given NumPy array is not writable, and PyTorch does not support non-writable tensors. This means writing to this tensor will result in undefined behavior. You may want to copy the array to protect its data or make it writable before converting it to a tensor. This type of warning will be suppressed for the rest of this program. (Triggered internally at C:\actions-runner\_work\pytorch\pytorch\pytorch\torch\csrc\utils\tensor_numpy.cpp:209.)
  return torch.from_numpy(arr)
C:\Users\User\Documents\repos\SHIBAL\segment_dataset.py:92: UserWarning: The given NumPy array is not writable, and PyTorch does not support non-writable tensors. This means writing to this tensor will result in undefined behavior. You may want to copy the array to protect its data or make it writable before converting it to a tensor. This type of warning will be suppressed for the rest of this program. (Triggered internally at C:\actions-runner\_work\pytorch\pytorch\pytorch\torch\csrc\utils\tensor_numpy.cpp:209.)
  return torch.from_numpy(arr)
C:\Users\User\Documents\repos\SHIBAL\segment_dataset.py:92: UserWarning: The given NumPy array is not writable, and PyTorch does not support non-writable tensors. This means writing to this tensor will result in undefined behavior. You may want to copy the array to protect its data or make it writable before converting it to a tensor. This type of warning will be suppressed for the rest of this program. (Triggered internally at C:\actions-runner\_work\pytorch\pytorch\pytorch\torch\csrc\utils\tensor_numpy.cpp:209.)
  return torch.from_numpy(arr)


Epoch 0: 0it [00:00, ?it/s][A

Epoch 0: 1it [00:05,  5.26s/it][A

Epoch 0: 2it [00:05,  2.34s/it][A

Epoch 0: 3it [00:05,  1.33s/it][A

Epoch 0: 4it [00:05,  1.16it/s][A

Epoch 0: 5it [00:05,  1.66it/s][A

Epoch 0: 6it [00:06,  2.26it/s][A

Epoch 0: 7it [00:06,  2.87it/s][A

Epoch 0: 8it [00:06,  3.62it/s][A

Epoch 0: 9it [00:06,  3.97it/s][A

Epoch 0: 10it [00:06,  4.66it/s][A

Epoch 0: 11it [00:06,  5.38it/s][A

Epoch 0: 12it [00:07,  5.22it/s][A

Epoch 0: 13it [00:07,  5.21it/s][A

Epoch 0: 14it [00:07,  5.61it/s][A

Epoch 0: 15it [00:07,  5.87it/s][A

Epoch 0: 16it [00:07,  5.95it/s][A

Epoch 0: 17it [00:07,  6.12it/s][A

Epoch 0: 18it [00:08,  5.97it/s][A

Epoch 0: 19it [00:08,  6.05it/s][A

Epoch 0: 20it [00:08,  6.47it/s][A

Epoch 0: 21it [00:08,  6.40it/s][A

Epoch 0: 22it [00:08,  6.58it/s][A

Epoch 0: 23it [00:08,  6.97it/s][A

Epoch 0: 24it [00:08,  6.36it/s][A

Epoch 0: 25it [00:09,  6.87it/s][A

Epoch 0: 26it [00:09,  7.01it/s][A

Epoch 0: 27it [00:09,  7.29it/s][A

Epoch 0: 28it [00:09,  6.37it/s][A

Epoch 0: 29it [00:09,  5.96it/s][A

Epoch 0: 30it [00:09,  5.57it/s][A

Epoch 0: 31it [00:10,  5.61it/s][A

Epoch 0: 32it [00:10,  5.40it/s][A

Epoch 0: 33it [00:10,  5.45it/s][A

Epoch 0: 34it [00:10,  5.58it/s][A

Epoch 0: 35it [00:10,  5.95it/s][A

Epoch 0: 36it [00:10,  6.08it/s][A

Epoch 0: 37it [00:11,  6.05it/s][A

Epoch 0: 38it [00:11,  6.11it/s][A

Epoch 0: 39it [00:11,  5.90it/s][A

Epoch 0: 40it [00:11,  5.96it/s][A

Epoch 0: 41it [00:11,  5.63it/s][A

Epoch 0: 42it [00:11,  6.03it/s][A

Epoch 0: 43it [00:12,  6.08it/s][A

Epoch 0: 44it [00:12,  6.29it/s][A

Epoch 0: 45it [00:12,  6.79it/s][A

Epoch 0: 46it [00:12,  6.70it/s][A

Epoch 0: 47it [00:12,  6.22it/s][A

Epoch 0: 48it [00:12,  6.84it/s][A

Epoch 0: 49it [00:12,  6.66it/s][A

Epoch 0: 50it [00:13,  6.29it/s][A

Epoch 0: 51it [00:13,  6.37it/s][A

Epoch 0: 52it [00:13,  6.54it/s][A

Epoch 0: 53it [00:13,  7.01it/s][A

Epoch 0: 54it [00:13,  6.61it/s][A

Epoch 0: 55it [00:13,  6.93it/s][A

Epoch 0: 56it [00:14,  6.82it/s][A

Epoch 0: 57it [00:14,  6.67it/s][A

Epoch 0: 58it [00:14,  6.89it/s][A

Epoch 0: 59it [00:14,  7.36it/s][A

Epoch 0: 60it [00:14,  6.20it/s][A

Epoch 0: 61it [00:14,  6.45it/s][A

Epoch 0: 62it [00:14,  6.70it/s][A

Epoch 0: 63it [00:15,  6.86it/s][A

Epoch 0: 64it [00:15,  6.25it/s][A

Epoch 0: 65it [00:15,  6.09it/s][A

Epoch 0: 66it [00:15,  6.01it/s][A

Epoch 0: 67it [00:15,  6.20it/s][A

Epoch 0: 68it [00:15,  5.95it/s][A

Epoch 0: 69it [00:16,  5.96it/s][A

Epoch 0: 70it [00:16,  5.98it/s][A

Epoch 0: 71it [00:16,  6.31it/s][A

Epoch 0: 72it [00:16,  6.44it/s][A

Epoch 0: 73it [00:16,  6.29it/s][A

Epoch 0: 74it [00:16,  6.50it/s][A

Epoch 0: 75it [00:17,  6.55it/s][A

Epoch 0: 76it [00:17,  6.41it/s][A

Epoch 0: 77it [00:17,  5.92it/s][A

Epoch 0: 78it [00:17,  5.40it/s][A

Epoch 0: 79it [00:17,  5.58it/s][A

Epoch 0: 80it [00:17,  5.54it/s][A

Epoch 0: 81it [00:18,  5.86it/s][A

Epoch 0: 82it [00:18,  6.02it/s][A

Epoch 0: 83it [00:18,  6.16it/s][A

Epoch 0: 84it [00:18,  6.03it/s][A

Epoch 0: 85it [00:18,  6.23it/s][A

Epoch 0: 86it [00:18,  5.94it/s][A

Epoch 0: 87it [00:19,  5.50it/s][A

Epoch 0: 88it [00:19,  5.15it/s][A

Epoch 0: 89it [00:19,  5.37it/s][A

Epoch 0: 90it [00:19,  5.69it/s][A

Epoch 0: 91it [00:19,  5.63it/s][A

Epoch 0: 92it [00:19,  5.97it/s][A

Epoch 0: 93it [00:20,  6.10it/s][A

Epoch 0: 94it [00:20,  6.38it/s][A

Epoch 0: 95it [00:20,  6.62it/s][A

Epoch 0: 96it [00:20,  6.00it/s][A

Epoch 0: 97it [00:20,  5.84it/s][A

Epoch 0: 98it [00:20,  6.20it/s][A

Epoch 0: 99it [00:21,  6.51it/s][A

Epoch 0: 100it [00:21,  6.00it/s][A

Epoch 0: 101it [00:21,  5.93it/s][A

Epoch 0: 102it [00:21,  5.92it/s][A

Epoch 0: 103it [00:21,  6.31it/s][A

Epoch 0: 104it [00:22,  5.48it/s][A

Epoch 0: 105it [00:22,  5.66it/s][A

Epoch 0: 106it [00:22,  6.19it/s][A

Epoch 0: 107it [00:22,  6.19it/s][A

Epoch 0: 108it [00:22,  6.33it/s][A

Epoch 0: 109it [00:22,  5.99it/s][A

Epoch 0: 110it [00:22,  6.49it/s][A

Epoch 0: 111it [00:23,  6.18it/s][A

Epoch 0: 112it [00:23,  5.86it/s][A

Epoch 0: 113it [00:23,  5.79it/s][A

Epoch 0: 114it [00:23,  5.65it/s][A

Epoch 0: 115it [00:23,  5.31it/s][A

Epoch 0: 116it [00:24,  5.35it/s][A

Epoch 0: 117it [00:24,  5.34it/s][A

Epoch 0: 118it [00:24,  5.92it/s][A

Epoch 0: 119it [00:24,  5.64it/s][A

Epoch 0: 120it [00:24,  5.47it/s][A

Epoch 0: 121it [00:24,  5.91it/s][A

Epoch 0: 122it [00:25,  6.30it/s][A

Epoch 0: 123it [00:25,  5.35it/s][A

Epoch 0: 124it [00:25,  5.63it/s][A

Epoch 0: 125it [00:25,  6.06it/s][A

Epoch 0: 126it [00:25,  5.65it/s][A

Epoch 0: 127it [00:25,  5.53it/s][A

Epoch 0: 128it [00:26,  5.71it/s][A

Epoch 0: 129it [00:26,  6.12it/s][A

Epoch 0: 130it [00:26,  5.99it/s][A

Epoch 0: 131it [00:26,  6.27it/s][A

Epoch 0: 132it [00:26,  5.92it/s][A

Epoch 0: 133it [00:26,  5.65it/s][A

Epoch 0: 134it [00:27,  6.05it/s][A

Epoch 0: 135it [00:27,  5.66it/s][A

Epoch 0: 136it [00:27,  4.97it/s][A

Epoch 0: 137it [00:27,  4.88it/s][A

Epoch 0: 138it [00:27,  4.87it/s][A

Epoch 0: 139it [00:28,  4.45it/s][A

Epoch 0: 140it [00:28,  4.76it/s][A

Epoch 0: 141it [00:28,  4.83it/s][A

Epoch 0: 142it [00:28,  4.71it/s][A

Epoch 0: 143it [00:29,  5.23it/s][A

Epoch 0: 144it [00:29,  4.90it/s][A

Epoch 0: 145it [00:29,  4.85it/s][A

Epoch 0: 146it [00:29,  5.01it/s][A

Epoch 0: 147it [00:29,  4.93it/s][A

Epoch 0: 148it [00:30,  4.83it/s][A

Epoch 0: 149it [00:30,  4.84it/s][A

Epoch 0: 150it [00:30,  5.24it/s][A

Epoch 0: 151it [00:30,  5.85it/s][A

Epoch 0: 152it [00:30,  5.97it/s][A

Epoch 0: 153it [00:30,  5.65it/s][A

Epoch 0: 154it [00:31,  5.78it/s][A

Epoch 0: 155it [00:31,  5.39it/s][A

Epoch 0: 156it [00:31,  5.42it/s][A

Epoch 0: 157it [00:31,  6.17it/s][A

Epoch 0: 158it [00:31,  5.47it/s][A

Epoch 0: 159it [00:31,  6.01it/s][A

Epoch 0: 160it [00:32,  6.27it/s][A

Epoch 0: 161it [00:32,  5.79it/s][A

Epoch 0: 162it [00:32,  5.55it/s][A

Epoch 0: 163it [00:32,  5.13it/s][A

Epoch 0: 164it [00:32,  4.82it/s][A

Epoch 0: 165it [00:33,  4.85it/s][A

Epoch 0: 166it [00:33,  4.99it/s][A

Epoch 0: 167it [00:33,  4.67it/s][A

Epoch 0: 168it [00:33,  4.82it/s][A

Epoch 0: 169it [00:34,  4.51it/s][A

Epoch 0: 170it [00:34,  4.85it/s][A

Epoch 0: 171it [00:34,  4.76it/s][A

Epoch 0: 172it [00:34,  4.61it/s][A

Epoch 0: 173it [00:34,  4.45it/s][A

Epoch 0: 174it [00:35,  4.65it/s][A

Epoch 0: 175it [00:35,  4.69it/s][A

Epoch 0: 176it [00:35,  4.61it/s][A

Epoch 0: 177it [00:35,  4.36it/s][A

Epoch 0: 178it [00:35,  4.60it/s][A

Epoch 0: 179it [00:36,  4.67it/s][A

Epoch 0: 180it [00:36,  4.93it/s][A

Epoch 0: 181it [00:36,  4.80it/s][A

Epoch 0: 182it [00:36,  5.10it/s][A

Epoch 0: 183it [00:36,  5.89it/s][A

Epoch 0: 184it [00:37,  5.56it/s][A

Epoch 0: 185it [00:37,  5.34it/s][A

Epoch 0: 186it [00:37,  5.16it/s][A

Epoch 0: 187it [00:37,  5.10it/s][A

Epoch 0: 188it [00:37,  4.88it/s][A

Epoch 0: 189it [00:38,  4.91it/s][A

Epoch 0: 190it [00:38,  4.68it/s][A

Epoch 0: 191it [00:38,  4.82it/s][A

Epoch 0: 192it [00:38,  5.08it/s][A

Epoch 0: 193it [00:38,  4.90it/s][A

Epoch 0: 194it [00:39,  4.54it/s][A

Epoch 0: 195it [00:39,  4.45it/s][A

Epoch 0: 196it [00:39,  4.35it/s][A

Epoch 0: 197it [00:39,  4.50it/s][A

Epoch 0: 198it [00:40,  4.49it/s][A

Epoch 0: 199it [00:40,  4.51it/s][A

Epoch 0: 200it [00:40,  4.68it/s][A

Epoch 0: 201it [00:40,  4.37it/s][A

Epoch 0: 202it [00:40,  4.69it/s][A

Epoch 0: 203it [00:41,  4.69it/s][A

Epoch 0: 204it [00:41,  4.63it/s][A

Epoch 0: 205it [00:41,  5.17it/s][A

Epoch 0: 206it [00:41,  5.58it/s][A

Epoch 0: 207it [00:41,  5.45it/s][A

Epoch 0: 208it [00:41,  5.73it/s][A

Epoch 0: 209it [00:42,  5.27it/s][A

Epoch 0: 210it [00:42,  5.66it/s][A

Epoch 0: 211it [00:42,  5.22it/s][A

Epoch 0: 212it [00:42,  5.00it/s][A

Epoch 0: 213it [00:43,  4.70it/s][A

Epoch 0: 214it [00:43,  4.39it/s][A

Epoch 0: 215it [00:43,  4.66it/s][A

Epoch 0: 216it [00:43,  5.05it/s][A

Epoch 0: 217it [00:43,  5.16it/s][A

Epoch 0: 218it [00:44,  5.15it/s][A

Epoch 0: 219it [00:44,  5.03it/s][A

Epoch 0: 220it [00:44,  5.20it/s][A

Epoch 0: 221it [00:44,  4.89it/s][A

Epoch 0: 222it [00:44,  4.99it/s][A

Epoch 0: 223it [00:45,  5.38it/s][A

Epoch 0: 224it [00:45,  5.06it/s][A

Epoch 0: 225it [00:45,  4.56it/s][A

Epoch 0: 226it [00:45,  4.53it/s][A

Epoch 0: 227it [00:45,  4.68it/s][A

Epoch 0: 228it [00:46,  4.73it/s][A

Epoch 0: 229it [00:46,  4.84it/s][A

Epoch 0: 230it [00:46,  4.64it/s][A

Epoch 0: 231it [00:46,  4.33it/s][A

Epoch 0: 232it [00:47,  4.26it/s][A

Epoch 0: 233it [00:47,  4.44it/s][A

Epoch 0: 234it [00:47,  4.22it/s][A

Epoch 0: 235it [00:47,  4.43it/s][A

Epoch 0: 236it [00:47,  4.76it/s][A

Epoch 0: 237it [00:48,  4.43it/s][A

Epoch 0: 238it [00:48,  4.35it/s][A

Epoch 0: 239it [00:48,  4.19it/s][A

Epoch 0: 240it [00:48,  4.59it/s][A

Epoch 0: 241it [00:49,  4.48it/s][A

Epoch 0: 242it [00:49,  4.41it/s][A

Epoch 0: 243it [00:49,  4.09it/s][A

Epoch 0: 244it [00:49,  4.08it/s][A

Epoch 0: 245it [00:50,  4.01it/s][A

Epoch 0: 246it [00:50,  3.85it/s][A

Epoch 0: 247it [00:50,  4.01it/s][A

Epoch 0: 248it [00:50,  4.29it/s][A

Epoch 0: 249it [00:50,  4.74it/s][A

Epoch 0: 250it [00:51,  4.86it/s][A

Epoch 0: 251it [00:51,  4.67it/s][A

Epoch 0: 252it [00:51,  4.73it/s][A

Epoch 0: 253it [00:51,  4.94it/s][A

Epoch 0: 254it [00:51,  4.99it/s][A

Epoch 0: 255it [00:52,  5.42it/s][A

Epoch 0: 256it [00:52,  5.07it/s][A

Epoch 0: 257it [00:52,  4.93it/s][A

Epoch 0: 258it [00:52,  4.85it/s][A

Epoch 0: 259it [00:52,  5.09it/s][A

Epoch 0: 260it [00:53,  5.36it/s][A

Epoch 0: 261it [00:53,  5.83it/s][A

Epoch 0: 262it [00:53,  5.40it/s][A

Epoch 0: 263it [00:53,  4.88it/s][A

Epoch 0: 264it [00:54,  4.16it/s][A

Epoch 0: 265it [00:54,  4.22it/s][A

Epoch 0: 266it [00:54,  4.39it/s][A

Epoch 0: 267it [00:54,  4.53it/s][A

Epoch 0: 268it [00:54,  4.86it/s][A

Epoch 0: 269it [00:55,  4.84it/s][A

Epoch 0: 270it [00:55,  4.85it/s][A

Epoch 0: 271it [00:55,  4.93it/s][A

Epoch 0: 272it [00:55,  5.15it/s][A

Epoch 0: 273it [00:55,  5.14it/s][A

Epoch 0: 274it [00:56,  4.92it/s][A

Epoch 0: 275it [00:56,  4.92it/s][A

Epoch 0: 276it [00:56,  4.32it/s][A

Epoch 0: 277it [00:56,  4.11it/s][A

Epoch 0: 278it [00:57,  4.48it/s][A

Epoch 0: 279it [00:57,  4.74it/s][A

Epoch 0: 280it [00:57,  5.03it/s][A

Epoch 0: 281it [00:57,  4.67it/s][A

Epoch 0: 282it [00:57,  5.24it/s][A

Epoch 0: 283it [00:57,  5.21it/s][A

Epoch 0: 284it [00:58,  5.08it/s][A

Epoch 0: 285it [00:58,  4.79it/s][A

Epoch 0: 286it [00:58,  4.84it/s][A

Epoch 0: 287it [00:58,  4.66it/s][A

Epoch 0: 288it [00:59,  4.75it/s][A

Epoch 0: 289it [00:59,  4.58it/s][A

Epoch 0: 290it [00:59,  4.61it/s][A

Epoch 0: 291it [00:59,  4.22it/s][A

Epoch 0: 292it [00:59,  4.31it/s][A

Epoch 0: 293it [01:00,  4.80it/s][A

Epoch 0: 294it [01:00,  5.23it/s][A

Epoch 0: 295it [01:00,  5.01it/s][A

Epoch 0: 296it [01:00,  4.87it/s][A

Epoch 0: 297it [01:00,  4.71it/s][A

Epoch 0: 298it [01:01,  4.59it/s][A

Epoch 0: 299it [01:01,  4.42it/s][A

Epoch 0: 300it [01:01,  4.73it/s][A

Epoch 0: 301it [01:01,  4.53it/s][A

Epoch 0: 302it [01:02,  4.46it/s][A

Epoch 0: 303it [01:02,  4.61it/s][A

Epoch 0: 304it [01:02,  4.41it/s][A

Epoch 0: 305it [01:02,  4.42it/s][A

Epoch 0: 306it [01:03,  4.13it/s][A

Epoch 0: 307it [01:03,  4.29it/s][A

Epoch 0: 308it [01:03,  4.20it/s][A

Epoch 0: 309it [01:03,  4.73it/s][A

Epoch 0: 310it [01:03,  5.20it/s][A

Epoch 0: 311it [01:03,  5.16it/s][A

Epoch 0: 312it [01:04,  5.21it/s][A

Epoch 0: 313it [01:04,  5.47it/s][A

Epoch 0: 314it [01:04,  5.32it/s][A

Epoch 0: 315it [01:04,  5.41it/s][A

Epoch 0: 316it [01:04,  5.35it/s][A

Epoch 0: 317it [01:05,  5.38it/s][A

Epoch 0: 318it [01:05,  5.05it/s][A

Epoch 0: 319it [01:05,  5.31it/s][A

Epoch 0: 320it [01:05,  5.09it/s][A

Epoch 0: 321it [01:05,  5.31it/s][A

Epoch 0: 322it [01:05,  6.06it/s][A

Epoch 0: 323it [01:06,  5.57it/s][A

Epoch 0: 324it [01:06,  4.89it/s][A

Epoch 0: 325it [01:06,  4.94it/s][A

Epoch 0: 326it [01:06,  4.98it/s][A

Epoch 0: 327it [01:07,  4.78it/s][A

Epoch 0: 328it [01:07,  4.70it/s][A

Epoch 0: 329it [01:07,  4.85it/s][A

Epoch 0: 330it [01:07,  4.45it/s][A

Epoch 0: 331it [01:07,  4.45it/s][A

Epoch 0: 332it [01:08,  4.54it/s][A

Epoch 0: 333it [01:08,  4.24it/s][A

Epoch 0: 334it [01:08,  4.25it/s][A

Epoch 0: 335it [01:08,  3.93it/s][A

Epoch 0: 336it [01:09,  4.31it/s][A

Epoch 0: 337it [01:09,  4.30it/s][A

Epoch 0: 338it [01:09,  4.89it/s][A

Epoch 0: 339it [01:09,  5.05it/s][A

Epoch 0: 341it [01:10,  5.32it/s][A

Epoch 0: 342it [01:10,  4.90it/s][A

Epoch 0: 343it [01:10,  4.95it/s][A

Epoch 0: 344it [01:10,  4.71it/s][A

Epoch 0: 345it [01:11,  4.58it/s][A

Epoch 0: 346it [01:11,  4.50it/s][A

Epoch 0: 347it [01:11,  4.67it/s][A

Epoch 0: 348it [01:11,  4.78it/s][A

Epoch 0: 349it [01:11,  4.93it/s][A

Epoch 0: 350it [01:12,  4.83it/s][A

Epoch 0: 351it [01:12,  4.71it/s][A

Epoch 0: 352it [01:12,  4.68it/s][A

Epoch 0: 353it [01:12,  4.87it/s][A

Epoch 0: 354it [01:12,  5.11it/s][A

Epoch 0: 355it [01:13,  5.24it/s][A

Epoch 0: 356it [01:13,  4.82it/s][A

Epoch 0: 357it [01:13,  4.73it/s][A

Epoch 0: 358it [01:13,  4.72it/s][A

Epoch 0: 359it [01:13,  4.74it/s][A

Epoch 0: 360it [01:14,  4.63it/s][A

Epoch 0: 361it [01:14,  4.49it/s][A

Epoch 0: 362it [01:14,  4.99it/s][A

Epoch 0: 363it [01:14,  5.06it/s][A

Epoch 0: 364it [01:14,  5.47it/s][A

Epoch 0: 365it [01:15,  4.83it/s][A

Epoch 0: 366it [01:15,  4.95it/s][A

Epoch 0: 367it [01:15,  5.14it/s][A

Epoch 0: 368it [01:15,  5.09it/s][A

Epoch 0: 369it [01:15,  5.42it/s][A

Epoch 0: 370it [01:15,  5.74it/s][A

Epoch 0: 371it [01:16,  5.38it/s][A

Epoch 0: 372it [01:16,  4.87it/s][A

Epoch 0: 373it [01:16,  4.80it/s][A

Epoch 0: 374it [01:16,  5.29it/s][A

Epoch 0: 375it [01:16,  5.82it/s][A

Epoch 0: 376it [01:17,  5.59it/s][A

Epoch 0: 377it [01:17,  5.33it/s][A

Epoch 0: 378it [01:17,  5.24it/s][A

Epoch 0: 379it [01:17,  5.06it/s][A

Epoch 0: 380it [01:17,  4.99it/s][A

Epoch 0: 381it [01:18,  4.96it/s][A

Epoch 0: 382it [01:18,  5.41it/s][A

Epoch 0: 383it [01:18,  5.29it/s][A

Epoch 0: 384it [01:18,  5.30it/s][A

Epoch 0: 385it [01:18,  5.26it/s][A

Epoch 0: 386it [01:19,  5.49it/s][A

Epoch 0: 387it [01:19,  5.44it/s][A

Epoch 0: 388it [01:19,  5.96it/s][A

Epoch 0: 389it [01:19,  5.80it/s][A

Epoch 0: 390it [01:19,  6.04it/s][A

Epoch 0: 391it [01:19,  5.81it/s][A

Epoch 0: 392it [01:20,  5.68it/s][A

Epoch 0: 393it [01:20,  6.25it/s][A

Epoch 0: 394it [01:20,  5.65it/s][A

Epoch 0: 395it [01:20,  6.03it/s][A

Epoch 0: 396it [01:20,  6.09it/s][A

Epoch 0: 397it [01:20,  5.93it/s][A

Epoch 0: 398it [01:21,  6.06it/s][A

Epoch 0: 399it [01:21,  6.28it/s][A

Epoch 0: 400it [01:22,  2.67it/s][A

Epoch 0: 401it [01:22,  3.41it/s][A

Epoch 0: 402it [01:22,  4.12it/s][A

Epoch 0: 403it [01:22,  4.97it/s][A

Epoch 0: 404it [01:22,  5.18it/s][A

Epoch 0: 405it [01:22,  5.57it/s][A

Epoch 0: 406it [01:22,  6.07it/s][A

Epoch 0: 407it [01:22,  6.61it/s][A

Epoch 0: 408it [01:23,  6.50it/s][A

Epoch 0: 409it [01:23,  7.07it/s][A

Epoch 0: 410it [01:23,  7.28it/s][A

Epoch 0: 411it [01:23,  7.66it/s][A

Epoch 0: 412it [01:23,  7.27it/s][A

Epoch 0: 413it [01:23,  7.69it/s][A

Epoch 0: 414it [01:23,  8.18it/s][A

Epoch 0: 415it [01:24,  7.98it/s][A

Epoch 0: 416it [01:24,  8.49it/s][A

Epoch 0: 417it [01:24,  7.40it/s][A

Epoch 0: 418it [01:24,  7.41it/s][A

Epoch 0: 419it [01:24,  7.33it/s][A

Epoch 0: 420it [01:24,  7.27it/s][A

Epoch 0: 421it [01:24,  7.30it/s][A

Epoch 0: 422it [01:25,  6.47it/s][A

Epoch 0: 423it [01:25,  6.50it/s][A

Epoch 0: 424it [01:25,  6.79it/s][A

Epoch 0: 425it [01:25,  7.21it/s][A

Epoch 0: 426it [01:25,  7.55it/s][A

Epoch 0: 427it [01:25,  7.94it/s][A

Epoch 0: 428it [01:25,  8.25it/s][A

Epoch 0: 429it [01:25,  8.35it/s][A

Epoch 0: 430it [01:26,  8.38it/s][A

Epoch 0: 431it [01:26,  8.40it/s][A

Epoch 0: 432it [01:26,  8.38it/s][A

Epoch 0: 433it [01:26,  7.89it/s][A

Epoch 0: 434it [01:26,  7.83it/s][A

Epoch 0: 435it [01:26,  7.68it/s][A

Epoch 0: 436it [01:26,  7.75it/s][A

Epoch 0: 437it [01:26,  7.56it/s][A

Epoch 0: 438it [01:27,  7.80it/s][A

Epoch 0: 439it [01:27,  7.63it/s][A

Epoch 0: 440it [01:27,  7.10it/s][A

Epoch 0: 441it [01:27,  7.20it/s][A

Epoch 0: 442it [01:27,  7.28it/s][A

Epoch 0: 443it [01:27,  6.99it/s][A

Epoch 0: 444it [01:27,  7.16it/s][A

Epoch 0: 445it [01:28,  7.03it/s][A

Epoch 0: 446it [01:28,  7.34it/s][A

Epoch 0: 447it [01:28,  7.61it/s][A

Epoch 0: 448it [01:28,  8.11it/s][A

Epoch 0: 449it [01:28,  8.01it/s][A

Epoch 0: 450it [01:28,  8.14it/s][A

Epoch 0: 451it [01:28,  7.96it/s][A

Epoch 0: 452it [01:28,  7.91it/s][A

Epoch 0: 453it [01:29,  7.77it/s][A

Epoch 0: 454it [01:29,  6.78it/s][A

Epoch 0: 455it [01:29,  6.74it/s][A

Epoch 0: 456it [01:29,  6.89it/s][A

Epoch 0: 457it [01:29,  6.79it/s][A

Epoch 0: 458it [01:29,  6.62it/s][A

Epoch 0: 459it [01:29,  7.17it/s][A

Epoch 0: 460it [01:30,  7.45it/s][A

Epoch 0: 461it [01:30,  7.98it/s][A

Epoch 0: 462it [01:30,  7.89it/s][A

Epoch 0: 463it [01:30,  7.72it/s][A

Epoch 0: 464it [01:30,  7.82it/s][A

Epoch 0: 466it [01:30,  8.01it/s][A

Epoch 0: 467it [01:30,  7.80it/s][A

Epoch 0: 468it [01:31,  8.00it/s][A

Epoch 0: 469it [01:31,  8.08it/s][A

Epoch 0: 470it [01:31,  7.54it/s][A

Epoch 0: 471it [01:31,  7.85it/s][A

Epoch 0: 472it [01:31,  7.94it/s][A

Epoch 0: 473it [01:31,  7.97it/s][A

Epoch 0: 474it [01:31,  8.39it/s][A

Epoch 0: 476it [01:31,  9.03it/s][A

Epoch 0: 478it [01:32,  9.27it/s][A

Epoch 0: 479it [01:32,  9.38it/s][A

Epoch 0: 480it [01:32,  9.10it/s][A

Epoch 0: 481it [01:32,  8.84it/s][A

Epoch 0: 482it [01:32,  8.17it/s][A

Epoch 0: 484it [01:32,  8.32it/s][A

Epoch 0: 486it [01:33,  8.48it/s][A

Epoch 0: 487it [01:33,  8.18it/s][A

Epoch 0: 488it [01:33,  8.34it/s][A

Epoch 0: 489it [01:33,  8.33it/s][A

Epoch 0: 490it [01:33,  8.29it/s][A

Epoch 0: 491it [01:33,  8.01it/s][A

Epoch 0: 492it [01:33,  8.32it/s][A

Epoch 0: 493it [01:34,  8.60it/s][A

Epoch 0: 494it [01:34,  8.69it/s][A

Epoch 0: 495it [01:34,  8.97it/s][A

Epoch 0: 496it [01:34,  8.72it/s][A

Epoch 0: 497it [01:34,  8.60it/s][A

Epoch 0: 498it [01:34,  7.92it/s][A

Epoch 0: 499it [01:34,  7.96it/s][A

Epoch 0: 500it [01:34,  8.30it/s][A

Epoch 0: 501it [01:34,  8.27it/s][A

Epoch 0: 502it [01:35,  8.28it/s][A

Epoch 0: 503it [01:35,  8.67it/s][A

Epoch 0: 504it [01:35,  8.79it/s][A

Epoch 0: 505it [01:35,  9.00it/s][A

Epoch 0: 506it [01:35,  9.27it/s][A

Epoch 0: 507it [01:35,  8.73it/s][A

Epoch 0: 508it [01:35,  8.83it/s][A

Epoch 0: 509it [01:35,  8.85it/s][A

Epoch 0: 510it [01:35,  8.34it/s][A

Epoch 0: 511it [01:36,  8.21it/s][A

Epoch 0: 512it [01:36,  7.82it/s][A

Epoch 0: 513it [01:37,  3.14it/s][A

Epoch 0: 514it [01:37,  3.75it/s][A

Epoch 0: 515it [01:37,  4.31it/s][A

Epoch 0: 516it [01:37,  5.04it/s][A

Epoch 0: 517it [01:37,  5.77it/s][A

Epoch 0: 518it [01:37,  6.48it/s][A

Epoch 0: 519it [01:37,  6.69it/s][A

Epoch 0: 520it [01:37,  6.68it/s][A

Epoch 0: 521it [01:38,  7.14it/s][A

Epoch 0: 522it [01:38,  7.26it/s][A

Epoch 0: 523it [01:38,  7.23it/s][A

Epoch 0: 524it [01:38,  7.32it/s][A

Epoch 0: 525it [01:38,  7.37it/s][A

Epoch 0: 526it [01:38,  7.39it/s][A

Epoch 0: 527it [01:38,  7.68it/s][A

Epoch 0: 528it [01:38,  7.90it/s][A

Epoch 0: 529it [01:39,  8.21it/s][A

Epoch 0: 530it [01:39,  8.54it/s][A

Epoch 0: 531it [01:39,  8.64it/s][A

Epoch 0: 532it [01:39,  8.95it/s][A

Epoch 0: 533it [01:39,  8.49it/s][A

Epoch 0: 534it [01:39,  7.92it/s][A

Epoch 0: 535it [01:39,  8.08it/s][A

Epoch 0: 536it [01:39,  8.22it/s][A

Epoch 0: 537it [01:40,  8.67it/s][A

Epoch 0: 538it [01:40,  8.15it/s][A

Epoch 0: 540it [01:40,  9.04it/s][A

Epoch 0: 542it [01:40,  9.24it/s][A

Epoch 0: 543it [01:40,  8.58it/s][A

Epoch 0: 544it [01:40,  8.87it/s][A

Epoch 0: 545it [01:40,  9.04it/s][A

Epoch 0: 547it [01:41,  9.22it/s][A

Epoch 0: 548it [01:41,  9.07it/s][A

Epoch 0: 549it [01:41,  9.07it/s][A

Epoch 0: 550it [01:41,  9.24it/s][A

Epoch 0: 551it [01:41,  9.06it/s][A

Epoch 0: 552it [01:41,  8.97it/s][A

Epoch 0: 553it [01:41,  8.81it/s][A

Epoch 0: 555it [01:42,  9.21it/s][A

Epoch 0: 556it [01:42,  8.64it/s][A

Epoch 0: 558it [01:42,  8.87it/s][A

Epoch 0: 559it [01:42,  8.45it/s][A

Epoch 0: 561it [01:42,  8.73it/s][A

Epoch 0: 563it [01:42,  9.07it/s][A

Epoch 0: 564it [01:43,  9.11it/s][A

Epoch 0: 565it [01:43,  8.95it/s][A

Epoch 0: 566it [01:43,  8.94it/s][A

Epoch 0: 567it [01:43,  8.81it/s][A

Epoch 0: 568it [01:43,  8.48it/s][A

Epoch 0: 569it [01:43,  8.36it/s][A

Epoch 0: 570it [01:43,  7.00it/s][A

Epoch 0: 571it [01:43,  7.46it/s][A

Epoch 0: 572it [01:44,  7.97it/s][A

Epoch 0: 573it [01:44,  7.89it/s][A

Epoch 0: 574it [01:44,  8.32it/s][A

Epoch 0: 575it [01:44,  7.82it/s][A

Epoch 0: 576it [01:44,  8.00it/s][A

Epoch 0: 577it [01:44,  7.69it/s][A

Epoch 0: 578it [01:44,  7.87it/s][A

Epoch 0: 579it [01:44,  8.27it/s][A

Epoch 0: 580it [01:45,  8.16it/s][A

Epoch 0: 581it [01:45,  8.54it/s][A

Epoch 0: 582it [01:45,  8.78it/s][A

Epoch 0: 583it [01:45,  8.68it/s][A

Epoch 0: 584it [01:45,  8.84it/s][A

Epoch 0: 585it [01:45,  8.50it/s][A

Epoch 0: 586it [01:45,  8.66it/s][A

Epoch 0: 587it [01:45,  8.68it/s][A

Epoch 0: 588it [01:45,  8.94it/s][A

Epoch 0: 589it [01:46,  8.43it/s][A

Epoch 0: 590it [01:46,  8.57it/s][A

Epoch 0: 591it [01:46,  8.54it/s][A

Epoch 0: 593it [01:46,  9.25it/s][A

Epoch 0: 595it [01:46,  9.41it/s][A

Epoch 0: 596it [01:46,  9.33it/s][A

Epoch 0: 597it [01:46,  8.84it/s][A

Epoch 0: 598it [01:47,  8.94it/s][A

Epoch 0: 600it [01:47,  9.23it/s][A

Epoch 0: 601it [01:47,  9.30it/s][A

Epoch 0: 602it [01:47,  9.00it/s][A

Epoch 0: 603it [01:47,  8.85it/s][A

Epoch 0: 605it [01:47,  9.11it/s][A

Epoch 0: 606it [01:47,  8.66it/s][A

Epoch 0: 607it [01:48,  8.33it/s][A

Epoch 0: 609it [01:48,  8.47it/s][A

Epoch 0: 610it [01:48,  8.46it/s][A

Epoch 0: 611it [01:48,  8.50it/s][A

Epoch 0: 612it [01:48,  8.49it/s][A

Epoch 0: 613it [01:48,  8.75it/s][A

Epoch 0: 614it [01:48,  8.62it/s][A

Epoch 0: 615it [01:48,  8.97it/s][A

Epoch 0: 616it [01:49,  8.72it/s][A

Epoch 0: 617it [01:49,  8.96it/s][A

Epoch 0: 618it [01:49,  8.67it/s][A

Epoch 0: 619it [01:49,  9.01it/s][A

Epoch 0: 620it [01:49,  8.89it/s][A

Epoch 0: 621it [01:49,  8.58it/s][A

Epoch 0: 623it [01:49,  8.93it/s][A

Epoch 0: 624it [01:50,  8.81it/s][A

Epoch 0: 626it [01:50,  9.39it/s][A

Epoch 0: 627it [01:50,  9.51it/s][A

Epoch 0: 629it [01:50,  9.61it/s][A

Epoch 0: 630it [01:50,  9.18it/s][A

Epoch 0: 631it [01:50,  9.27it/s][A

Epoch 0: 632it [01:50,  8.81it/s][A

Epoch 0: 633it [01:50,  9.05it/s][A

Epoch 0: 634it [01:51,  8.92it/s][A

Epoch 0: 635it [01:51,  8.70it/s][A

Epoch 0: 636it [01:51,  8.22it/s][A

Epoch 0: 638it [01:51,  8.64it/s][A

Epoch 0: 639it [01:51,  8.19it/s][A

Epoch 0: 640it [01:51,  8.36it/s][A

Epoch 0: 641it [01:51,  8.35it/s][A

Epoch 0: 642it [01:52,  8.12it/s][A

Epoch 0: 643it [01:52,  8.53it/s][A

Epoch 0: 644it [01:52,  8.85it/s][A

Epoch 0: 645it [01:52,  8.60it/s][A

Epoch 0: 646it [01:52,  8.31it/s][A

Epoch 0: 647it [01:52,  8.48it/s][A

Epoch 0: 649it [01:52,  9.13it/s][A

Epoch 0: 650it [01:52,  8.73it/s][A

Epoch 0: 651it [01:53,  8.61it/s][A

Epoch 0: 653it [01:53,  9.47it/s][A

Epoch 0: 654it [01:53,  9.49it/s][A

Epoch 0: 655it [01:53,  9.17it/s][A

Epoch 0: 656it [01:53,  9.18it/s][A

Epoch 0: 657it [01:53,  8.68it/s][A

Epoch 0: 658it [01:53,  8.82it/s][A

Epoch 0: 659it [01:53,  8.67it/s][A

Epoch 0: 660it [01:54,  7.77it/s][A

Epoch 0: 661it [01:54,  7.99it/s][A

Epoch 0: 662it [01:54,  8.24it/s][A

Epoch 0: 663it [01:54,  7.81it/s][A

Epoch 0: 664it [01:54,  8.03it/s][A

Epoch 0: 665it [01:54,  8.07it/s][A

Epoch 0: 666it [01:54,  8.39it/s][A

Epoch 0: 667it [01:54,  8.28it/s][A

Epoch 0: 668it [01:55,  8.25it/s][A

Epoch 0: 670it [01:55,  9.11it/s][A

Epoch 0: 671it [01:55,  9.09it/s][A

Epoch 0: 672it [01:55,  8.72it/s][A

Epoch 0: 673it [01:55,  7.32it/s][A

Epoch 0: 674it [01:55,  7.24it/s][A

Epoch 0: 675it [01:56,  7.36it/s][A

Epoch 0: 677it [01:56,  7.76it/s][A

Epoch 0: 678it [01:56,  7.86it/s][A

Epoch 0: 679it [01:56,  8.14it/s][A

Epoch 0: 680it [01:56,  7.88it/s][A

Epoch 0: 681it [01:56,  7.96it/s][A

Epoch 0: 682it [01:56,  7.65it/s][A

Epoch 0: 683it [01:57,  7.59it/s][A

Epoch 0: 684it [01:57,  7.30it/s][A

Epoch 0: 685it [01:57,  7.25it/s][A

Epoch 0: 686it [01:57,  7.38it/s][A

Epoch 0: 687it [01:57,  7.16it/s][A

Epoch 0: 688it [01:57,  7.30it/s][A

Epoch 0: 690it [01:57,  7.96it/s][A

Epoch 0: 691it [01:58,  7.68it/s][A

Epoch 0: 692it [01:58,  7.93it/s][A

Epoch 0: 693it [01:58,  8.40it/s][A

Epoch 0: 694it [01:58,  8.15it/s][A

Epoch 0: 695it [01:58,  7.83it/s][A

Epoch 0: 696it [01:58,  7.79it/s][A

Epoch 0: 697it [01:58,  8.28it/s][A

Epoch 0: 698it [01:58,  8.45it/s][A

Epoch 0: 699it [01:59,  8.85it/s][A

Epoch 0: 700it [01:59,  9.00it/s][A

Epoch 0: 701it [01:59,  8.48it/s][A

Epoch 0: 703it [01:59,  8.88it/s][A

Epoch 0: 704it [01:59,  9.00it/s][A

Epoch 0: 705it [01:59,  9.10it/s][A

Epoch 0: 706it [01:59,  9.22it/s][A

Epoch 0: 708it [02:00,  9.37it/s][A

Epoch 0: 710it [02:00,  8.88it/s][A

Epoch 0: 711it [02:00,  8.75it/s][A

Epoch 0: 712it [02:00,  8.71it/s][A

Epoch 0: 713it [02:00,  8.84it/s][A

Epoch 0: 714it [02:00,  8.98it/s][A

Epoch 0: 715it [02:00,  9.04it/s][A

Epoch 0: 716it [02:00,  8.70it/s][A

Epoch 0: 717it [02:01,  8.50it/s][A

Epoch 0: 718it [02:01,  8.70it/s][A

Epoch 0: 719it [02:01,  8.90it/s][A

Epoch 0: 721it [02:01,  8.86it/s][A

Epoch 0: 722it [02:01,  8.80it/s][A

Epoch 0: 723it [02:01,  8.63it/s][A

Epoch 0: 724it [02:01,  8.62it/s][A

Epoch 0: 725it [02:01,  8.46it/s][A

Epoch 0: 727it [02:02,  9.39it/s][A

Epoch 0: 728it [02:02,  9.52it/s][A

Epoch 0: 729it [02:02,  9.44it/s][A

Epoch 0: 731it [02:02,  9.00it/s][A

Epoch 0: 732it [02:02,  8.52it/s][A

Epoch 0: 733it [02:02,  8.20it/s][A

Epoch 0: 734it [02:02,  8.30it/s][A

Epoch 0: 735it [02:03,  8.19it/s][A

Epoch 0: 736it [02:03,  8.42it/s][A

Epoch 0: 737it [02:03,  8.23it/s][A

Epoch 0: 738it [02:03,  8.07it/s][A

Epoch 0: 739it [02:03,  7.67it/s][A

Epoch 0: 740it [02:03,  7.85it/s][A

Epoch 0: 741it [02:03,  7.98it/s][A

Epoch 0: 742it [02:03,  8.36it/s][A

Epoch 0: 743it [02:04,  8.51it/s][A

Epoch 0: 744it [02:04,  8.13it/s][A

Epoch 0: 745it [02:04,  8.55it/s][A

Epoch 0: 746it [02:04,  8.48it/s][A

Epoch 0: 747it [02:04,  8.23it/s][A

Epoch 0: 748it [02:04,  8.55it/s][A

Epoch 0: 750it [02:04,  9.21it/s][A

Epoch 0: 751it [02:05,  9.06it/s][A

Epoch 0: 753it [02:05,  9.44it/s][A

Epoch 0: 754it [02:05,  9.51it/s][A

Epoch 0: 755it [02:05,  8.99it/s][A

Epoch 0: 756it [02:05,  9.22it/s][A

Epoch 0: 757it [02:05,  9.41it/s][A

Epoch 0: 758it [02:05,  9.31it/s][A

Epoch 0: 759it [02:05,  8.45it/s][A

Epoch 0: 760it [02:06,  7.74it/s][A

Epoch 0: 761it [02:06,  7.43it/s][A

Epoch 0: 762it [02:06,  7.47it/s][A

Epoch 0: 763it [02:06,  7.74it/s][A

Epoch 0: 764it [02:06,  8.13it/s][A

Epoch 0: 765it [02:06,  8.03it/s][A

Epoch 0: 766it [02:06,  8.04it/s][A

Epoch 0: 767it [02:06,  7.89it/s][A

Epoch 0: 768it [02:07,  8.13it/s][A

Epoch 0: 769it [02:07,  8.51it/s][A

Epoch 0: 770it [02:07,  8.76it/s][A

Epoch 0: 771it [02:07,  8.58it/s][A

Epoch 0: 772it [02:07,  7.98it/s][A

Epoch 0: 773it [02:07,  8.32it/s][A

Epoch 0: 774it [02:07,  8.53it/s][A

Epoch 0: 775it [02:07,  8.63it/s][A

Epoch 0: 776it [02:07,  8.49it/s][A

Epoch 0: 777it [02:08,  8.48it/s][A

Epoch 0: 778it [02:08,  8.74it/s][A

Epoch 0: 779it [02:08,  8.43it/s][A

Epoch 0: 780it [02:08,  8.75it/s][A

Epoch 0: 781it [02:08,  8.75it/s][A

Epoch 0: 782it [02:08,  8.24it/s][A

Epoch 0: 783it [02:08,  8.18it/s][A

Epoch 0: 784it [02:08,  8.26it/s][A

Epoch 0: 786it [02:09,  8.82it/s][A

Epoch 0: 787it [02:09,  9.08it/s][A

Epoch 0: 788it [02:09,  8.90it/s][A

Epoch 0: 789it [02:09,  9.12it/s][A

Epoch 0: 790it [02:09,  8.67it/s][A

Epoch 0: 791it [02:09,  7.18it/s][A

Epoch 0: 792it [02:09,  7.02it/s][A

Epoch 0: 793it [02:10,  7.15it/s][A

Epoch 0: 794it [02:10,  7.59it/s][A

Epoch 0: 795it [02:10,  7.42it/s][A

Epoch 0: 796it [02:10,  7.46it/s][A

Epoch 0: 797it [02:10,  7.21it/s][A

Epoch 0: 798it [02:10,  7.04it/s][A

Epoch 0: 799it [02:10,  7.38it/s][A

Epoch 0: 800it [02:11,  7.60it/s][A

Epoch 0: 801it [02:11,  7.95it/s][A

Epoch 0: 803it [02:11,  9.01it/s][A

Epoch 0: 804it [02:11,  8.75it/s][A

Epoch 0: 805it [02:11,  8.79it/s][A

Epoch 0: 806it [02:11,  8.99it/s][A

Epoch 0: 807it [02:11,  8.16it/s][A

Epoch 0: 808it [02:11,  8.17it/s][A

Epoch 0: 809it [02:12,  8.48it/s][A

Epoch 0: 810it [02:12,  8.20it/s][A

Epoch 0: 811it [02:12,  8.51it/s][A

Epoch 0: 812it [02:12,  8.63it/s][A

Epoch 0: 813it [02:12,  8.37it/s][A

Epoch 0: 814it [02:12,  7.89it/s][A

Epoch 0: 815it [02:12,  8.36it/s][A

Epoch 0: 816it [02:12,  8.19it/s][A

Epoch 0: 818it [02:13,  8.78it/s][A

Epoch 0: 819it [02:13,  9.00it/s][A

Epoch 0: 820it [02:13,  8.89it/s][A

Epoch 0: 821it [02:13,  8.73it/s][A

Epoch 0: 822it [02:13,  8.61it/s][A

Epoch 0: 823it [02:13,  8.52it/s][A

Epoch 0: 824it [02:13,  8.76it/s][A

Epoch 0: 825it [02:13,  8.94it/s][A

Epoch 0: 826it [02:14,  8.75it/s][A

Epoch 0: 827it [02:14,  8.24it/s][A

Epoch 0: 828it [02:14,  8.51it/s][A

Epoch 0: 829it [02:14,  8.80it/s][A

Epoch 0: 831it [02:14,  8.92it/s][A

Epoch 0: 832it [02:14,  9.07it/s][A

Epoch 0: 833it [02:14,  8.82it/s][A

Epoch 0: 834it [02:14,  8.52it/s][A

Epoch 0: 836it [02:15,  8.88it/s][A

Epoch 0: 837it [02:15,  8.92it/s][A

Epoch 0: 838it [02:15,  9.00it/s][A

Epoch 0: 839it [02:15,  8.65it/s][A

Epoch 0: 840it [02:15,  8.21it/s][A

Epoch 0: 841it [02:15,  8.51it/s][A

Epoch 0: 843it [02:15,  9.03it/s][A

Epoch 0: 845it [02:16,  9.30it/s][A

Epoch 0: 846it [02:16,  9.43it/s][A

Epoch 0: 847it [02:16,  9.55it/s][A

Epoch 0: 848it [02:16,  9.29it/s][A

Epoch 0: 849it [02:16,  9.32it/s][A

Epoch 0: 850it [02:16,  8.37it/s][A

Epoch 0: 851it [02:16,  8.39it/s][A

Epoch 0: 852it [02:16,  8.79it/s][A

Epoch 0: 853it [02:17,  9.00it/s][A

Epoch 0: 854it [02:17,  8.57it/s][A

Epoch 0: 855it [02:17,  8.75it/s][A

Epoch 0: 856it [02:17,  8.62it/s][A

Epoch 0: 857it [02:17,  8.79it/s][A

Epoch 0: 858it [02:17,  8.43it/s][A

Epoch 0: 859it [02:17,  7.89it/s][A

Epoch 0: 861it [02:18,  7.88it/s][A

Epoch 0: 863it [02:18,  8.15it/s][A

Epoch 0: 864it [02:18,  7.85it/s][A

Epoch 0: 865it [02:18,  8.20it/s][A

Epoch 0: 866it [02:18,  8.30it/s][A

Epoch 0: 867it [02:18,  8.13it/s][A

Epoch 0: 868it [02:18,  8.48it/s][A

Epoch 0: 870it [02:19,  4.53it/s][A

Epoch 0: 871it [02:19,  4.98it/s][A

Epoch 0: 872it [02:19,  5.65it/s][A

Epoch 0: 873it [02:19,  6.26it/s][A

Epoch 0: 874it [02:20,  6.77it/s][A

Epoch 0: 876it [02:20,  7.86it/s][A

Epoch 0: 877it [02:20,  8.08it/s][A

Epoch 0: 878it [02:20,  8.49it/s][A

Epoch 0: 879it [02:20,  8.75it/s][A

Epoch 0: 880it [02:20,  8.84it/s][A

Epoch 0: 881it [02:20,  8.81it/s][A

Epoch 0: 883it [02:21,  9.10it/s][A

Epoch 0: 884it [02:21,  8.94it/s][A

Epoch 0: 886it [02:21,  9.39it/s][A

Epoch 0: 887it [02:21,  9.31it/s][A

Epoch 0: 889it [02:21,  9.31it/s][A

Epoch 0: 891it [02:21,  9.37it/s][A

Epoch 0: 893it [02:22,  9.44it/s][A

Epoch 0: 894it [02:22,  9.40it/s][A

Epoch 0: 895it [02:22,  9.39it/s][A

Epoch 0: 896it [02:22,  9.27it/s][A

Epoch 0: 897it [02:22,  9.30it/s][A

Epoch 0: 898it [02:22,  8.94it/s][A

Epoch 0: 899it [02:22,  8.88it/s][A

Epoch 0: 900it [02:22,  8.35it/s][A

Epoch 0: 901it [02:22,  8.46it/s][A

Epoch 0: 902it [02:23,  8.67it/s][A

Epoch 0: 903it [02:23,  9.01it/s][A

Epoch 0: 904it [02:23,  9.07it/s][A

Epoch 0: 906it [02:23,  9.66it/s][A

Epoch 0: 907it [02:23,  9.55it/s][A

Epoch 0: 908it [02:23,  9.37it/s][A

Epoch 0: 909it [02:23,  9.38it/s][A

Epoch 0: 910it [02:23,  8.84it/s][A

Epoch 0: 912it [02:24,  9.94it/s][A

Epoch 0: 913it [02:24,  9.85it/s][A

Epoch 0: 914it [02:24,  9.36it/s][A

Epoch 0: 916it [02:24, 10.34it/s][A

Epoch 0: 918it [02:24, 10.55it/s][A

Epoch 0: 920it [02:24,  9.64it/s][A

Epoch 0: 921it [02:25,  9.67it/s][A

Epoch 0: 923it [02:25,  9.91it/s][A

Epoch 0: 924it [02:25,  9.68it/s][A

Epoch 0: 925it [02:25,  9.62it/s][A

Epoch 0: 926it [02:25,  9.30it/s][A

Epoch 0: 927it [02:25,  9.15it/s][A

Epoch 0: 928it [02:25,  8.95it/s][A

Epoch 0: 929it [02:25,  8.98it/s][A

Epoch 0: 930it [02:26,  8.33it/s][A

Epoch 0: 931it [02:26,  8.09it/s][A

Epoch 0: 932it [02:26,  8.48it/s][A

Epoch 0: 933it [02:26,  8.23it/s][A

Epoch 0: 934it [02:26,  8.68it/s][A

Epoch 0: 935it [02:26,  8.61it/s][A

Epoch 0: 936it [02:26,  8.74it/s][A

Epoch 0: 937it [02:26,  8.78it/s][A

Epoch 0: 938it [02:26,  8.82it/s][A

Epoch 0: 939it [02:27,  9.13it/s][A

Epoch 0: 941it [02:27,  9.41it/s][A

Epoch 0: 942it [02:27,  9.45it/s][A

Epoch 0: 943it [02:27,  9.04it/s][A

Epoch 0: 944it [02:27,  9.13it/s][A

Epoch 0: 945it [02:27,  9.16it/s][A

Epoch 0: 947it [02:27,  9.34it/s][A

Epoch 0: 949it [02:28,  9.78it/s][A

Epoch 0: 950it [02:28,  9.65it/s][A

Epoch 0: 951it [02:28,  9.59it/s][A

Epoch 0: 953it [02:28,  9.92it/s][A

Epoch 0: 954it [02:28,  9.72it/s][A

Epoch 0: 955it [02:28,  9.46it/s][A

Epoch 0: 956it [02:28,  9.40it/s][A

Epoch 0: 957it [02:28,  9.04it/s][A

Epoch 0: 959it [02:29,  9.65it/s][A

Epoch 0: 960it [02:29,  9.71it/s][A

Epoch 0: 961it [02:29,  9.19it/s][A

Epoch 0: 962it [02:29,  8.74it/s][A

Epoch 0: 963it [02:29,  8.91it/s][A

Epoch 0: 964it [02:29,  9.00it/s][A

Epoch 0: 966it [02:29,  9.55it/s][A

Epoch 0: 967it [02:30,  9.31it/s][A

Epoch 0: 968it [02:30,  9.37it/s][A

Epoch 0: 969it [02:30,  8.81it/s][A

Epoch 0: 970it [02:30,  8.88it/s][A

Epoch 0: 971it [02:30,  8.89it/s][A

Epoch 0: 972it [02:30,  9.07it/s][A

Epoch 0: 974it [02:30,  9.69it/s][A

Epoch 0: 975it [02:30,  9.36it/s][A

Epoch 0: 977it [02:31,  9.17it/s][A

Epoch 0: 978it [02:31,  9.00it/s][A

Epoch 0: 979it [02:31,  8.56it/s][A

Epoch 0: 980it [02:31,  8.61it/s][A

Epoch 0: 981it [02:31,  8.77it/s][A

Epoch 0: 982it [02:31,  6.96it/s][A

Epoch 0: 984it [02:32,  7.57it/s][A

Epoch 0: 986it [02:32,  8.04it/s][A

Epoch 0: 987it [02:32,  7.83it/s][A

Epoch 0: 988it [02:33,  4.05it/s][A

Epoch 0: 989it [02:33,  4.67it/s][A

Epoch 0: 990it [02:33,  5.40it/s][A

Epoch 0: 991it [02:33,  5.58it/s][A

Epoch 0: 993it [02:33,  6.64it/s][A

Epoch 0: 995it [02:33,  7.24it/s][A

Epoch 0: 996it [02:34,  7.33it/s][A

Epoch 0: 997it [02:34,  7.36it/s][A

Epoch 0: 998it [02:34,  7.50it/s][A

Epoch 0: 999it [02:34,  7.29it/s][A

Epoch 0: 1000it [02:34,  6.90it/s][A

Epoch 0: 1001it [02:34,  6.56it/s][A

Epoch 0: 1002it [02:34,  6.90it/s][A

Epoch 0: 1003it [02:35,  7.14it/s][A

Epoch 0: 1004it [02:35,  7.68it/s][A

Epoch 0: 1005it [02:35,  7.58it/s][A

Epoch 0: 1006it [02:35,  7.68it/s][A

Epoch 0: 1007it [02:35,  7.79it/s][A

Epoch 0: 1008it [02:35,  7.42it/s][A

Epoch 0: 1009it [02:35,  7.43it/s][A

Epoch 0: 1010it [02:35,  7.82it/s][A

Epoch 0: 1011it [02:36,  8.00it/s][A

Epoch 0: 1012it [02:36,  7.94it/s][A

Epoch 0: 1013it [02:36,  8.36it/s][A

Epoch 0: 1014it [02:36,  8.35it/s][A

Epoch 0: 1015it [02:36,  7.91it/s][A

Epoch 0: 1016it [02:36,  7.84it/s][A

Epoch 0: 1017it [02:36,  8.10it/s][A

Epoch 0: 1018it [02:36,  8.40it/s][A

Epoch 0: 1019it [02:37,  8.42it/s][A

Epoch 0: 1020it [02:37,  8.14it/s][A

Epoch 0: 1021it [02:37,  7.71it/s][A

Epoch 0: 1022it [02:37,  7.78it/s][A

Epoch 0: 1023it [02:37,  8.08it/s][A

Epoch 0: 1024it [02:37,  7.24it/s][A

Epoch 0: 1025it [02:37,  7.27it/s][A

Epoch 0: 1026it [02:37,  7.80it/s][A

Epoch 0: 1027it [02:38,  7.56it/s][A

Epoch 0: 1028it [02:38,  7.95it/s][A

Epoch 0: 1029it [02:38,  8.14it/s][A

Epoch 0: 1030it [02:38,  7.85it/s][A

Epoch 0: 1031it [02:38,  7.73it/s][A

Epoch 0: 1032it [02:38,  7.93it/s][A

Epoch 0: 1033it [02:38,  8.36it/s][A

Epoch 0: 1034it [02:38,  7.85it/s][A

Epoch 0: 1035it [02:39,  7.91it/s][A

Epoch 0: 1036it [02:39,  8.02it/s][A

Epoch 0: 1037it [02:39,  7.77it/s][A

Epoch 0: 1038it [02:39,  7.89it/s][A

Epoch 0: 1039it [02:39,  7.90it/s][A

Epoch 0: 1041it [02:39,  8.80it/s][A

Epoch 0: 1042it [02:39,  8.75it/s][A

Epoch 0: 1043it [02:40,  8.23it/s][A

Epoch 0: 1044it [02:40,  8.11it/s][A

Epoch 0: 1045it [02:40,  7.65it/s][A

Epoch 0: 1046it [02:40,  7.66it/s][A

Epoch 0: 1047it [02:40,  7.87it/s][A

Epoch 0: 1048it [02:40,  8.27it/s][A

Epoch 0: 1049it [02:40,  8.09it/s][A

Epoch 0: 1051it [02:41,  8.41it/s][A

Epoch 0: 1052it [02:41,  8.29it/s][A

Epoch 0: 1053it [02:41,  8.02it/s][A

Epoch 0: 1054it [02:41,  7.76it/s][A

Epoch 0: 1055it [02:41,  7.91it/s][A

Epoch 0: 1056it [02:41,  6.93it/s][A

Epoch 0: 1057it [02:41,  7.56it/s][A

Epoch 0: 1058it [02:41,  7.53it/s][A

Epoch 0: 1059it [02:42,  7.93it/s][A

Epoch 0: 1060it [02:42,  8.00it/s][A

Epoch 0: 1061it [02:42,  7.83it/s][A

Epoch 0: 1062it [02:42,  8.24it/s][A

Epoch 0: 1063it [02:42,  8.34it/s][A

Epoch 0: 1064it [02:42,  8.13it/s][A

Epoch 0: 1065it [02:42,  8.19it/s][A

Epoch 0: 1066it [02:42,  8.43it/s][A

Epoch 0: 1067it [02:43,  8.75it/s][A

Epoch 0: 1068it [02:43,  8.36it/s][A

Epoch 0: 1069it [02:43,  8.64it/s][A

Epoch 0: 1070it [02:43,  8.46it/s][A

Epoch 0: 1071it [02:43,  8.71it/s][A

Epoch 0: 1072it [02:43,  8.91it/s][A

Epoch 0: 1073it [02:43,  8.64it/s][A

Epoch 0: 1075it [02:44,  8.29it/s][A

Epoch 0: 1077it [02:44,  8.88it/s][A

Epoch 0: 1078it [02:44,  8.13it/s][A

Epoch 0: 1079it [02:44,  7.99it/s][A

Epoch 0: 1080it [02:44,  8.41it/s][A

Epoch 0: 1081it [02:44,  8.46it/s][A

Epoch 0: 1082it [02:44,  8.38it/s][A

Epoch 0: 1083it [02:44,  8.73it/s][A

Epoch 0: 1084it [02:45,  9.00it/s][A

Epoch 0: 1085it [02:45,  9.21it/s][A

Epoch 0: 1086it [02:45,  8.98it/s][A

Epoch 0: 1087it [02:45,  9.00it/s][A

Epoch 0: 1088it [02:45,  9.21it/s][A

Epoch 0: 1089it [02:45,  8.88it/s][A

Epoch 0: 1090it [02:45,  8.75it/s][A

Epoch 0: 1091it [02:45,  8.93it/s][A

Epoch 0: 1093it [02:46,  9.50it/s][A

Epoch 0: 1095it [02:46,  9.38it/s][A

Epoch 0: 1096it [02:46,  9.27it/s][A

Epoch 0: 1097it [02:46,  9.10it/s][A

Epoch 0: 1098it [02:46,  8.62it/s][A

Epoch 0: 1099it [02:46,  8.86it/s][A

Epoch 0: 1101it [02:46,  9.97it/s][A

Epoch 0: 1102it [02:47,  5.09it/s][A

Epoch 0: 1103it [02:47,  5.41it/s][A

Epoch 0: 1104it [02:47,  6.10it/s][A

Epoch 0: 1105it [02:47,  6.31it/s][A

Epoch 0: 1106it [02:47,  6.87it/s][A

Epoch 0: 1107it [02:48,  7.33it/s][A

Epoch 0: 1108it [02:48,  7.55it/s][A

Epoch 0: 1109it [02:48,  8.02it/s][A

Epoch 0: 1110it [02:48,  8.22it/s][A

Epoch 0: 1111it [02:48,  8.58it/s][A

Epoch 0: 1112it [02:48,  8.94it/s][A

Epoch 0: 1113it [02:48,  8.98it/s][A

Epoch 0: 1114it [02:48,  9.10it/s][A

Epoch 0: 1115it [02:48,  9.24it/s][A

Epoch 0: 1117it [02:49,  9.76it/s][A

Epoch 0: 1118it [02:49,  9.81it/s][A

Epoch 0: 1119it [02:49,  9.23it/s][A

Epoch 0: 1121it [02:49,  9.53it/s][A

Epoch 0: 1122it [02:49,  9.29it/s][A

Epoch 0: 1123it [02:49,  9.07it/s][A

Epoch 0: 1124it [02:49,  8.90it/s][A

Epoch 0: 1125it [02:49,  8.65it/s][A

Epoch 0: 1126it [02:50,  8.89it/s][A

Epoch 0: 1127it [02:50,  8.85it/s][A

Epoch 0: 1128it [02:50,  8.43it/s][A

Epoch 0: 1129it [02:50,  8.53it/s][A

Epoch 0: 1131it [02:50,  9.12it/s][A

Epoch 0: 1133it [02:50,  9.33it/s][A

Epoch 0: 1134it [02:50,  9.30it/s][A

Epoch 0: 1136it [02:51,  9.87it/s][A

Epoch 0: 1137it [02:51,  9.72it/s][A

Epoch 0: 1138it [02:51,  9.00it/s][A

Epoch 0: 1140it [02:51,  9.46it/s][A

Epoch 0: 1141it [02:51,  9.45it/s][A

Epoch 0: 1143it [02:51,  9.36it/s][A

Epoch 0: 1144it [02:52,  9.22it/s][A

Epoch 0: 1145it [02:52,  9.34it/s][A

Epoch 0: 1146it [02:52,  9.40it/s][A

Epoch 0: 1148it [02:52,  4.79it/s][A

Epoch 0: 1149it [02:53,  5.30it/s][A

Epoch 0: 1150it [02:53,  5.92it/s][A

Epoch 0: 1152it [02:53,  7.08it/s][A

Epoch 0: 1153it [02:53,  7.50it/s][A

Epoch 0: 1154it [02:53,  7.74it/s][A

Epoch 0: 1155it [02:53,  8.08it/s][A

Epoch 0: 1156it [02:53,  8.47it/s][A

Epoch 0: 1157it [02:53,  8.80it/s][A

Epoch 0: 1159it [02:54,  9.31it/s][A

Epoch 0: 1161it [02:54,  9.12it/s][A

Epoch 0: 1162it [02:54,  4.83it/s][A

Epoch 0: 1163it [02:54,  5.50it/s][A

Epoch 0: 1165it [02:55,  6.70it/s][A

Epoch 0: 1166it [02:55,  7.20it/s][A

Epoch 0: 1167it [02:55,  7.58it/s][A

Epoch 0: 1169it [02:55,  8.48it/s][A

Epoch 0: 1170it [02:55,  8.74it/s][A

Epoch 0: 1172it [02:55,  9.45it/s][A

Epoch 0: 1173it [02:55,  9.36it/s][A

Epoch 0: 1174it [02:56,  8.97it/s][A

Epoch 0: 1175it [02:56,  9.16it/s][A

Epoch 0: 1176it [02:56,  9.18it/s][A

Epoch 0: 1177it [02:56,  9.24it/s][A

Epoch 0: 1178it [02:56,  9.05it/s][A

Epoch 0: 1179it [02:56,  8.83it/s][A

Epoch 0: 1181it [02:56,  9.83it/s][A

Epoch 0: 1182it [02:56,  9.63it/s][A

Epoch 0: 1183it [02:57,  9.52it/s][A

Epoch 0: 1185it [02:57,  9.58it/s][A

Epoch 0: 1187it [02:57,  9.82it/s][A

Epoch 0: 1188it [02:57,  9.85it/s][A

Epoch 0: 1190it [02:57,  9.88it/s][A

Epoch 0: 1191it [02:57,  9.86it/s][A

Epoch 0: 1192it [02:57,  9.62it/s][A

Epoch 0: 1194it [02:58, 10.06it/s][A

Epoch 0: 1196it [02:58,  9.95it/s][A

Epoch 0: 1197it [02:58,  9.63it/s][A

Epoch 0: 1198it [02:59,  4.31it/s][A

Epoch 0: 1199it [02:59,  4.97it/s][A

Epoch 0: 1201it [02:59,  6.20it/s][A

Epoch 0: 1202it [02:59,  6.74it/s][A

Epoch 0: 1203it [02:59,  7.27it/s][A

Epoch 0: 1204it [02:59,  7.78it/s][A

Epoch 0: 1206it [02:59,  8.52it/s][A

Epoch 0: 1207it [03:00,  8.74it/s][A

Epoch 0: 1209it [03:00,  9.06it/s][A

Epoch 0: 1210it [03:00,  8.71it/s][A

Epoch 0: 1212it [03:00,  9.06it/s][A

Epoch 0: 1214it [03:00, 10.46it/s][A

Epoch 0: 1216it [03:00, 11.96it/s][A

Epoch 0: 1218it [03:01, 11.39it/s][A

Epoch 0: 1220it [03:01, 10.60it/s][A

Epoch 0: 1222it [03:01,  9.91it/s][A

Epoch 0: 1224it [03:01,  9.86it/s][A

Epoch 0: 1226it [03:02,  6.04it/s][A

Epoch 0: 1227it [03:02,  6.35it/s][A

Epoch 0: 1229it [03:02,  7.11it/s][A

Epoch 0: 1230it [03:02,  7.49it/s][A

Epoch 0: 1231it [03:02,  7.84it/s][A

Epoch 0: 1233it [03:03,  8.61it/s][A

Epoch 0: 1234it [03:03,  8.46it/s][A

Epoch 0: 1235it [03:03,  8.59it/s][A

Epoch 0: 1237it [03:03,  9.29it/s][A

Epoch 0: 1238it [03:03,  9.09it/s][A

Epoch 0: 1239it [03:03,  9.20it/s][A

Epoch 0: 1241it [03:03,  9.60it/s][A

Epoch 0: 1242it [03:04,  9.36it/s][A

Epoch 0: 1244it [03:04, 10.11it/s][A

Epoch 0: 1245it [03:04,  9.94it/s][A

Epoch 0: 1246it [03:04,  9.58it/s][A

Epoch 0: 1247it [03:04,  9.58it/s][A

Epoch 0: 1248it [03:05,  4.31it/s][A

Epoch 0: 1249it [03:05,  5.09it/s][A

Epoch 0: 1250it [03:05,  5.77it/s][A

Epoch 0: 1251it [03:05,  6.54it/s][A

Epoch 0: 1252it [03:05,  7.21it/s][A

Epoch 0: 1253it [03:05,  7.22it/s][A

Epoch 0: 1255it [03:05,  8.28it/s][A

Epoch 0: 1256it [03:06,  7.97it/s][A

Epoch 0: 1257it [03:06,  8.30it/s][A

Epoch 0: 1259it [03:06,  8.89it/s][A

Epoch 0: 1260it [03:06,  9.04it/s][A

Epoch 0: 1262it [03:06,  9.53it/s][A

Epoch 0: 1264it [03:06,  9.78it/s][A

Epoch 0: 1265it [03:06,  9.47it/s][A

Epoch 0: 1266it [03:07,  9.58it/s][A

Epoch 0: 1267it [03:07,  9.57it/s][A

Epoch 0: 1268it [03:07,  9.58it/s][A

Epoch 0: 1269it [03:07,  9.38it/s][A

Epoch 0: 1271it [03:07,  9.82it/s][A

Epoch 0: 1273it [03:07,  9.95it/s][A

Epoch 0: 1274it [03:07,  9.82it/s][A

Epoch 0: 1276it [03:08,  9.69it/s][A

Epoch 0: 1277it [03:08,  9.59it/s][A

Epoch 0: 1278it [03:08,  9.34it/s][A

Epoch 0: 1279it [03:08,  8.82it/s][A

Epoch 0: 1280it [03:08,  9.01it/s][A

Epoch 0: 1281it [03:08,  8.89it/s][A

Epoch 0: 1282it [03:08,  8.94it/s][A

Epoch 0: 1283it [03:08,  9.16it/s][A

Epoch 0: 1284it [03:08,  9.32it/s][A

Epoch 0: 1285it [03:09,  9.24it/s][A

Epoch 0: 1286it [03:09,  9.39it/s][A

Epoch 0: 1287it [03:09,  9.50it/s][A

Epoch 0: 1288it [03:09,  9.31it/s][A

Epoch 0: 1289it [03:09,  9.19it/s][A

Epoch 0: 1290it [03:09,  8.96it/s][A

Epoch 0: 1291it [03:09,  9.04it/s][A

Epoch 0: 1293it [03:09,  9.64it/s][A

Epoch 0: 1294it [03:10,  9.23it/s][A

Epoch 0: 1295it [03:10,  9.06it/s][A

Epoch 0: 1296it [03:10,  9.10it/s][A

Epoch 0: 1298it [03:10,  9.09it/s][A

Epoch 0: 1300it [03:10,  9.40it/s][A

Epoch 0: 1301it [03:10,  9.40it/s][A

Epoch 0: 1302it [03:10,  9.40it/s][A

Epoch 0: 1303it [03:11,  9.02it/s][A

Epoch 0: 1304it [03:11,  8.91it/s][A

Epoch 0: 1305it [03:11,  9.17it/s][A

Epoch 0: 1306it [03:11,  9.09it/s][A

Epoch 0: 1307it [03:11,  8.86it/s][A

Epoch 0: 1309it [03:11,  9.43it/s][A

Epoch 0: 1310it [03:11,  9.47it/s][A

Epoch 0: 1311it [03:11,  9.59it/s][A

Epoch 0: 1313it [03:12,  9.54it/s][A

Epoch 0: 1315it [03:12,  9.59it/s][A

Epoch 0: 1316it [03:12,  9.55it/s][A

Epoch 0: 1318it [03:12, 10.02it/s][A

Epoch 0: 1320it [03:13,  5.49it/s][A

Epoch 0: 1321it [03:13,  6.02it/s][A

Epoch 0: 1322it [03:13,  6.56it/s][A

Epoch 0: 1323it [03:13,  7.08it/s][A

Epoch 0: 1324it [03:13,  7.20it/s][A

Epoch 0: 1326it [03:13,  7.86it/s][A

Epoch 0: 1328it [03:14,  8.48it/s][A

Epoch 0: 1329it [03:14,  8.53it/s][A

Epoch 0: 1330it [03:14,  8.69it/s][A

Epoch 0: 1331it [03:14,  8.89it/s][A

Epoch 0: 1332it [03:14,  8.85it/s][A

Epoch 0: 1333it [03:14,  8.78it/s][A

Epoch 0: 1335it [03:14, 10.33it/s][A

Epoch 0: 1337it [03:15,  8.06it/s][A

Epoch 0: 1339it [03:15,  8.75it/s][A

Epoch 0: 1340it [03:15,  8.91it/s][A

Epoch 0: 1341it [03:15,  9.12it/s][A

Epoch 0: 1342it [03:15,  8.55it/s][A

Epoch 0: 1344it [03:15,  9.17it/s][A

Epoch 0: 1345it [03:16,  8.86it/s][A

Epoch 0: 1346it [03:16,  9.02it/s][A

Epoch 0: 1348it [03:16,  9.42it/s][A

Epoch 0: 1349it [03:16,  9.53it/s][A

Epoch 0: 1350it [03:16,  9.55it/s][A

Epoch 0: 1351it [03:16,  9.60it/s][A

Epoch 0: 1352it [03:16,  9.69it/s][A

Epoch 0: 1354it [03:16, 10.06it/s][A

Epoch 0: 1355it [03:17,  9.98it/s][A

Epoch 0: 1356it [03:17,  9.97it/s][A

Epoch 0: 1358it [03:17, 10.09it/s][A

Epoch 0: 1360it [03:17,  9.71it/s][A

Epoch 0: 1361it [03:17,  9.16it/s][A

Epoch 0: 1362it [03:17,  9.14it/s][A

Epoch 0: 1363it [03:17,  8.96it/s][A

Epoch 0: 1364it [03:18,  8.99it/s][A

Epoch 0: 1365it [03:18,  8.96it/s][A

Epoch 0: 1367it [03:18,  9.22it/s][A

Epoch 0: 1368it [03:18,  9.30it/s][A

Epoch 0: 1370it [03:18,  9.51it/s][A

Epoch 0: 1371it [03:18,  9.33it/s][A

Epoch 0: 1372it [03:18,  9.35it/s][A

Epoch 0: 1373it [03:18,  9.50it/s][A

Epoch 0: 1374it [03:19,  9.47it/s][A

Epoch 0: 1375it [03:19,  9.35it/s][A

Epoch 0: 1377it [03:19,  9.65it/s][A

Epoch 0: 1378it [03:19,  9.63it/s][A

Epoch 0: 1379it [03:19,  9.48it/s][A

Epoch 0: 1380it [03:19,  9.27it/s][A

Epoch 0: 1381it [03:19,  9.21it/s][A

Epoch 0: 1383it [03:20,  9.07it/s][A

Epoch 0: 1385it [03:20,  9.32it/s][A

Epoch 0: 1386it [03:20,  9.34it/s][A

Epoch 0: 1387it [03:20,  9.04it/s][A

Epoch 0: 1389it [03:20,  9.28it/s][A

Epoch 0: 1390it [03:20,  9.12it/s][A

Epoch 0: 1391it [03:20,  9.03it/s][A

Epoch 0: 1392it [03:21,  9.25it/s][A

Epoch 0: 1393it [03:21,  8.27it/s][A

Epoch 0: 1395it [03:21,  8.93it/s][A

Epoch 0: 1396it [03:21,  8.73it/s][A

Epoch 0: 1398it [03:21,  9.15it/s][A

Epoch 0: 1399it [03:21,  8.99it/s][A

Epoch 0: 1401it [03:22,  9.34it/s][A

Epoch 0: 1402it [03:22,  9.10it/s][A

Epoch 0: 1404it [03:22,  9.51it/s][A

Epoch 0: 1405it [03:22,  9.60it/s][A

Epoch 0: 1406it [03:22,  9.38it/s][A

Epoch 0: 1407it [03:22,  8.93it/s][A

Epoch 0: 1408it [03:22,  9.14it/s][A

Epoch 0: 1409it [03:22,  9.25it/s][A

Epoch 0: 1410it [03:23,  9.20it/s][A

Epoch 0: 1411it [03:23,  9.30it/s][A

Epoch 0: 1412it [03:23,  9.33it/s][A

Epoch 0: 1413it [03:23,  9.15it/s][A

Epoch 0: 1414it [03:23,  9.27it/s][A

Epoch 0: 1415it [03:23,  9.31it/s][A

Epoch 0: 1416it [03:23,  9.09it/s][A

Epoch 0: 1417it [03:23,  8.84it/s][A

Epoch 0: 1418it [03:23,  9.00it/s][A

Epoch 0: 1419it [03:24,  8.70it/s][A

Epoch 0: 1420it [03:24,  9.03it/s][A

Epoch 0: 1421it [03:24,  8.67it/s][A

Epoch 0: 1422it [03:24,  8.79it/s][A

Epoch 0: 1423it [03:24,  9.06it/s][A

Epoch 0: 1424it [03:24,  8.87it/s][A

Epoch 0: 1425it [03:24,  9.07it/s][A

Epoch 0: 1426it [03:24,  9.26it/s][A

Epoch 0: 1428it [03:24,  9.79it/s][A

Epoch 0: 1429it [03:25,  9.73it/s][A

Epoch 0: 1430it [03:25,  9.50it/s][A

Epoch 0: 1431it [03:25,  8.93it/s][A

Epoch 0: 1433it [03:25,  9.70it/s][A

Epoch 0: 1435it [03:25,  9.98it/s][A

Epoch 0: 1436it [03:25,  9.97it/s][A

Epoch 0: 1437it [03:25,  9.74it/s][A

Epoch 0: 1439it [03:26,  9.53it/s][A

Epoch 0: 1440it [03:26,  9.31it/s][A

Epoch 0: 1442it [03:26,  9.69it/s][A

Epoch 0: 1443it [03:26,  9.74it/s][A

Epoch 0: 1444it [03:26,  9.49it/s][A

Epoch 0: 1445it [03:26,  9.51it/s][A

Epoch 0: 1446it [03:26,  9.43it/s][A

Epoch 0: 1447it [03:26,  9.42it/s][A

Epoch 0: 1448it [03:27,  9.47it/s][A

Epoch 0: 1449it [03:27,  9.44it/s][A

Epoch 0: 1451it [03:27,  9.62it/s][A

Epoch 0: 1452it [03:27,  9.31it/s][A

Epoch 0: 1454it [03:27,  9.75it/s][A

Epoch 0: 1455it [03:27,  9.35it/s][A

Epoch 0: 1456it [03:27,  9.35it/s][A

Epoch 0: 1457it [03:28,  9.37it/s][A

Epoch 0: 1458it [03:28,  9.38it/s][A

Epoch 0: 1459it [03:28,  9.24it/s][A

Epoch 0: 1460it [03:28,  9.43it/s][A

Epoch 0: 1461it [03:28,  9.58it/s][A

Epoch 0: 1462it [03:28,  9.37it/s][A

Epoch 0: 1463it [03:28,  9.53it/s][A

Epoch 0: 1464it [03:28,  9.39it/s][A

Epoch 0: 1466it [03:28, 10.17it/s][A

Epoch 0: 1467it [03:29,  9.87it/s][A

Epoch 0: 1469it [03:29,  9.67it/s][A

Epoch 0: 1470it [03:29,  9.40it/s][A

Epoch 0: 1471it [03:29,  9.40it/s][A

Epoch 0: 1472it [03:29,  9.45it/s][A

Epoch 0: 1473it [03:29,  9.43it/s][A

Epoch 0: 1475it [03:29,  9.86it/s][A

Epoch 0: 1477it [03:30, 10.82it/s][A

Epoch 0: 1479it [03:30, 11.94it/s][A

Epoch 0: 1481it [03:30, 10.64it/s][A

Epoch 0: 1483it [03:30, 10.00it/s][A

Epoch 0: 1485it [03:30,  9.80it/s][A

Epoch 0: 1487it [03:31,  9.73it/s][A

Epoch 0: 1488it [03:31,  9.63it/s][A

Epoch 0: 1489it [03:31,  9.58it/s][A

Epoch 0: 1490it [03:31,  9.63it/s][A

Epoch 0: 1491it [03:31,  9.56it/s][A

Epoch 0: 1492it [03:31,  9.66it/s][A

Epoch 0: 1493it [03:31,  9.59it/s][A

Epoch 0: 1494it [03:31,  9.39it/s][A

Epoch 0: 1495it [03:31,  9.49it/s][A

Epoch 0: 1496it [03:32,  9.51it/s][A

Epoch 0: 1497it [03:32,  9.58it/s][A

Epoch 0: 1499it [03:32, 10.10it/s][A

Epoch 0: 1501it [03:32, 11.08it/s][A

Epoch 0: 1503it [03:32, 11.80it/s][A

Epoch 0: 1505it [03:33,  4.63it/s][A

Epoch 0: 1506it [03:33,  5.11it/s][A

Epoch 0: 1507it [03:33,  5.69it/s][A

Epoch 0: 1508it [03:33,  6.24it/s][A

Epoch 0: 1510it [03:34,  7.41it/s][A

Epoch 0: 1511it [03:34,  7.83it/s][A
Epoch 0: 1511it [03:34,  7.06it/s]

전체 진행률:   0%|          | 0/150 [04:57<?, ?it/s]
Traceback (most recent call last):
  File "C:\Users\User\Documents\repos\SHIBAL\train_custom.py", line 420, in <module>
    main()
  File "C:\Users\User\Documents\repos\SHIBAL\train_custom.py", line 387, in main
    cost = train(train_loader, model, optimizer, scheduler, device, step, use_multi_gpu)
  File "C:\Users\User\Documents\repos\SHIBAL\train_custom.py", line 150, in train
    for step, (ninput, nlabel, ainput, alabel, ncategory, acategory) in tqdm(enumerate(loader), desc=f"Epoch {epoch}"):
  File "C:\Users\User\anaconda3\envs\VAD_p396\lib\site-packages\tqdm\std.py", line 1181, in __iter__
    for obj in iterable:
  File "C:\Users\User\anaconda3\envs\VAD_p396\lib\site-packages\torch\utils\data\dataloader.py", line 733, in __next__
    data = self._next_data()
  File "C:\Users\User\anaconda3\envs\VAD_p396\lib\site-packages\torch\utils\data\dataloader.py", line 1515, in _next_data
    return self._process_data(data, worker_id)
  File "C:\Users\User\anaconda3\envs\VAD_p396\lib\site-packages\torch\utils\data\dataloader.py", line 1550, in _process_data
    data.reraise()
  File "C:\Users\User\anaconda3\envs\VAD_p396\lib\site-packages\torch\_utils.py", line 750, in reraise
    raise exception
RuntimeError: Caught RuntimeError in DataLoader worker process 7.
Original Traceback (most recent call last):
  File "C:\Users\User\anaconda3\envs\VAD_p396\lib\site-packages\torch\utils\data\_utils\worker.py", line 349, in _worker_loop
    data = fetcher.fetch(index)  # type: ignore[possibly-undefined]
  File "C:\Users\User\anaconda3\envs\VAD_p396\lib\site-packages\torch\utils\data\_utils\fetch.py", line 55, in fetch
    return self.collate_fn(data)
  File "C:\Users\User\anaconda3\envs\VAD_p396\lib\site-packages\torch\utils\data\_utils\collate.py", line 398, in default_collate
    return collate(batch, collate_fn_map=default_collate_fn_map)
  File "C:\Users\User\anaconda3\envs\VAD_p396\lib\site-packages\torch\utils\data\_utils\collate.py", line 211, in collate
    return [
  File "C:\Users\User\anaconda3\envs\VAD_p396\lib\site-packages\torch\utils\data\_utils\collate.py", line 212, in <listcomp>
    collate(samples, collate_fn_map=collate_fn_map)
  File "C:\Users\User\anaconda3\envs\VAD_p396\lib\site-packages\torch\utils\data\_utils\collate.py", line 155, in collate
    return collate_fn_map[elem_type](batch, collate_fn_map=collate_fn_map)
  File "C:\Users\User\anaconda3\envs\VAD_p396\lib\site-packages\torch\utils\data\_utils\collate.py", line 270, in collate_tensor_fn
    storage = elem._typed_storage()._new_shared(numel, device=elem.device)
  File "C:\Users\User\anaconda3\envs\VAD_p396\lib\site-packages\torch\storage.py", line 1198, in _new_shared
    untyped_storage = torch.UntypedStorage._new_shared(
  File "C:\Users\User\anaconda3\envs\VAD_p396\lib\site-packages\torch\storage.py", line 410, in _new_shared
    return cls._new_using_filename_cpu(size)
RuntimeError: Couldn't open shared file mapping: <torch_33856_3746338127_753>, error code: <1455>

